<?xml version="1.0" encoding="UTF-8"?>
<testng-results ignored="0" total="1" passed="1" failed="0" skipped="0">
  <reporter-output>
  </reporter-output>
  <suite started-at="2024-06-12T10:57:10 IST" name="Default suite" finished-at="2024-06-12T10:58:58 IST" duration-ms="107456">
    <groups>
      <group name="smokeTest">
        <method signature="CreateOrganizationTest.createOrganizationTest()[pri:0, instance:com.comcast.crm.orgtest.CreateOrganizationTest@6a8658ff]" name="createOrganizationTest" class="com.comcast.crm.orgtest.CreateOrganizationTest"/>
      </group> <!-- smokeTest -->
    </groups>
    <test started-at="2024-06-12T10:57:10 IST" name="Default test" finished-at="2024-06-12T10:58:58 IST" duration-ms="107456">
      <class name="com.comcast.crm.orgtest.CreateOrganizationTest">
        <test-method is-config="true" signature="configBS()[pri:0, instance:com.comcast.crm.orgtest.CreateOrganizationTest@6a8658ff]" started-at="2024-06-12T10:57:10 IST" name="configBS" finished-at="2024-06-12T10:57:10 IST" duration-ms="646" status="PASS">
          <reporter-output>
          </reporter-output>
        </test-method> <!-- configBS -->
        <test-method is-config="true" signature="configBC()[pri:0, instance:com.comcast.crm.orgtest.CreateOrganizationTest@6a8658ff]" started-at="2024-06-12T10:57:10 IST" name="configBC" finished-at="2024-06-12T10:57:37 IST" duration-ms="26838" status="PASS">
          <reporter-output>
          </reporter-output>
        </test-method> <!-- configBC -->
        <test-method is-config="true" signature="configBM()[pri:0, instance:com.comcast.crm.orgtest.CreateOrganizationTest@6a8658ff]" started-at="2024-06-12T10:57:37 IST" name="configBM" finished-at="2024-06-12T10:58:22 IST" duration-ms="45207" status="PASS">
          <reporter-output>
          </reporter-output>
        </test-method> <!-- configBM -->
        <test-method signature="createOrganizationTest()[pri:0, instance:com.comcast.crm.orgtest.CreateOrganizationTest@6a8658ff]" started-at="2024-06-12T10:58:22 IST" name="createOrganizationTest" finished-at="2024-06-12T10:58:55 IST" duration-ms="32948" status="PASS">
          <reporter-output>
          </reporter-output>
        </test-method> <!-- createOrganizationTest -->
        <test-method is-config="true" signature="configAM()[pri:0, instance:com.comcast.crm.orgtest.CreateOrganizationTest@6a8658ff]" started-at="2024-06-12T10:58:55 IST" name="configAM" finished-at="2024-06-12T10:58:57 IST" duration-ms="2054" status="PASS">
          <reporter-output>
          </reporter-output>
        </test-method> <!-- configAM -->
        <test-method is-config="true" signature="configAC()[pri:0, instance:com.comcast.crm.orgtest.CreateOrganizationTest@6a8658ff]" started-at="2024-06-12T10:58:57 IST" name="configAC" finished-at="2024-06-12T10:58:58 IST" duration-ms="352" status="PASS">
          <reporter-output>
          </reporter-output>
        </test-method> <!-- configAC -->
        <test-method is-config="true" signature="configAS()[pri:0, instance:com.comcast.crm.orgtest.CreateOrganizationTest@6a8658ff]" started-at="2024-06-12T10:58:58 IST" name="configAS" finished-at="2024-06-12T10:58:58 IST" duration-ms="9" status="PASS">
          <reporter-output>
          </reporter-output>
        </test-method> <!-- configAS -->
      </class> <!-- com.comcast.crm.orgtest.CreateOrganizationTest -->
    </test> <!-- Default test -->
  </suite> <!-- Default suite -->
</testng-results>
