<?xml version="1.0" encoding="UTF-8"?>
<!-- Generated by org.testng.reporters.JUnitXMLReporter -->
<testsuite ignored="1" hostname="DESKTOP-PATT121" failures="1" tests="1" name="Default test(failed)(failed)" time="5.845" errors="0" timestamp="2024-06-07T11:50:21 IST">
  <testcase classname="practice.test.InvoiceTest" name="createInvoiceTest" time="0.021">
    <failure type="java.lang.AssertionError" message="expected [Login] but found [Administrator - Home - vtiger CRM 5 - Commercial Open Source CRM]">
      <![CDATA[java.lang.AssertionError: expected [Login] but found [Administrator - Home - vtiger CRM 5 - Commercial Open Source CRM]
at practice.test.InvoiceTest.createInvoiceTest(InvoiceTest.java:12)
at java.base/java.util.ArrayList.forEach(ArrayList.java:1596)
... Removed 31 stack frames]]>
    </failure>
  </testcase> <!-- createInvoiceTest -->
  <testcase classname="practice.test.InvoiceTest" name="createInvoiceWithContactTest" time="0.0">
    <ignored/>
  </testcase> <!-- createInvoiceWithContactTest -->
</testsuite> <!-- Default test(failed)(failed) -->
